TN:
SF:utils.js
FN:1,parseMap
FNF:1
FNH:1
FNDA:7,parseMap
DA:1,7
DA:2,7
DA:3,7
DA:4,7
DA:5,7
DA:6,7
DA:7,7
DA:8,1
DA:9,1
DA:10,6
DA:11,6
DA:12,6
DA:13,6
DA:14,60
DA:15,60
DA:16,1
DA:17,1
DA:18,59
DA:19,6
DA:20,6
DA:21,6
DA:22,6
DA:23,6
DA:24,6
DA:25,6
DA:26,6
DA:27,6
DA:28,6
DA:29,6
DA:30,6
DA:31,6
DA:32,6
DA:33,6
DA:34,6
DA:35,6
DA:36,6
DA:37,6
DA:38,6
DA:39,407
DA:40,6
DA:41,6
DA:42,7
DA:43,1
DA:44,1
DA:45,4
DA:46,4
DA:47,400
DA:48,48
DA:49,48
DA:50,352
DA:51,4
DA:52,4
DA:53,4
DA:54,4
DA:55,4
DA:56,4
DA:57,4
DA:58,4
DA:59,4
DA:60,1
DA:61,1
DA:62,1
DA:63,1
DA:64,1
LF:64
LH:64
BRDA:1,0,0,7
BRDA:7,1,0,1
BRDA:9,2,0,6
BRDA:42,3,0,1
BRDA:44,4,0,4
BRDA:13,5,0,60
BRDA:15,6,0,1
BRDA:17,7,0,59
BRDA:38,8,0,407
BRDA:46,9,0,400
BRDA:47,10,0,48
BRDA:49,11,0,352
BRF:12
BRH:12
end_of_record
